2019-04-24 15:45:06,980 Starting new HTTPS connection (1): en.wikipedia.org:443
2019-04-24 15:45:07,164 https://en.wikipedia.org:443 "GET /wiki/Morgan_Freeman HTTP/1.1" 200 354850
2019-04-24 15:45:07,580 Getting actor info from https://en.wikipedia.org/wiki/Morgan_Freeman
2019-04-24 15:45:07,582 created Morgan Freeman
2019-04-24 15:45:07,584 Starting new HTTPS connection (1): en.wikipedia.org:443
2019-04-24 15:45:07,763 https://en.wikipedia.org:443 "GET /wiki/Morgan_Freeman HTTP/1.1" 200 354850
2019-04-24 15:45:08,208 Getting filmography from https://en.wikipedia.org/wiki/Morgan_Freeman
2019-04-24 15:45:08,217 Starting new HTTPS connection (1): en.wikipedia.org:443
2019-04-24 15:45:08,403 https://en.wikipedia.org:443 "GET /wiki/Brubaker HTTP/1.1" 200 66937
2019-04-24 15:45:08,516 Getting movie info from https://en.wikipedia.org/wiki/Brubaker
2019-04-24 15:45:08,517 Updated Brubaker
2019-04-24 15:45:08,519 Starting new HTTPS connection (1): en.wikipedia.org:443
2019-04-24 15:45:08,695 https://en.wikipedia.org:443 "GET /wiki/Marie_(film) HTTP/1.1" 200 43303
2019-04-24 15:45:08,774 Getting movie info from https://en.wikipedia.org/wiki/Marie_(film)
2019-04-24 15:45:08,775 Updated Marie
2019-04-24 15:45:08,778 Starting new HTTPS connection (1): en.wikipedia.org:443
2019-04-24 15:45:08,947 https://en.wikipedia.org:443 "GET /wiki/That_Was_Then..._This_Is_Now HTTP/1.1" 200 53410
2019-04-24 15:45:09,027 Getting movie info from https://en.wikipedia.org/wiki/That_Was_Then..._This_Is_Now
2019-04-24 15:45:09,028 Updated That Was Then... This Is Now
2019-04-24 15:45:09,030 Starting new HTTPS connection (1): en.wikipedia.org:443
2019-04-24 15:45:09,212 https://en.wikipedia.org:443 "GET /wiki/Street_Smart_(film) HTTP/1.1" 200 48533
2019-04-24 15:45:09,294 Getting movie info from https://en.wikipedia.org/wiki/Street_Smart_(film)
2019-04-24 15:45:09,295 Updated Street Smart
2019-04-24 15:45:09,297 Starting new HTTPS connection (1): en.wikipedia.org:443
2019-04-24 15:45:09,468 https://en.wikipedia.org:443 "GET /wiki/Glory_(1989_film) HTTP/1.1" 200 159110
2019-04-24 15:45:09,724 Getting movie info from https://en.wikipedia.org/wiki/Glory_(1989_film)
2019-04-24 15:45:09,726 Updated Glory
2019-04-24 15:45:09,729 Starting new HTTPS connection (1): en.wikipedia.org:443
2019-04-24 15:45:09,903 https://en.wikipedia.org:443 "GET /wiki/Driving_Miss_Daisy HTTP/1.1" 200 139157
2019-04-24 15:45:10,118 Getting movie info from https://en.wikipedia.org/wiki/Driving_Miss_Daisy
2019-04-24 15:45:10,120 Updated Driving Miss Daisy
2019-04-24 15:45:10,122 Starting new HTTPS connection (1): en.wikipedia.org:443
2019-04-24 15:45:10,376 https://en.wikipedia.org:443 "GET /wiki/Lean_on_Me_(film) HTTP/1.1" 200 83306
2019-04-24 15:45:10,554 Getting movie info from https://en.wikipedia.org/wiki/Lean_on_Me_(film)
2019-04-24 15:45:10,556 Updated Lean on Me
2019-04-24 15:45:10,559 Starting new HTTPS connection (1): en.wikipedia.org:443
2019-04-24 15:45:10,734 https://en.wikipedia.org:443 "GET /wiki/Johnny_Handsome HTTP/1.1" 200 77038
2019-04-24 15:45:10,886 Getting movie info from https://en.wikipedia.org/wiki/Johnny_Handsome
2019-04-24 15:45:10,887 Updated Johnny Handsome
2019-04-24 15:45:10,889 Starting new HTTPS connection (1): en.wikipedia.org:443
2019-04-24 15:45:11,066 https://en.wikipedia.org:443 "GET /wiki/Robin_Hood:_Prince_of_Thieves HTTP/1.1" 200 143720
2019-04-24 15:45:11,307 Getting movie info from https://en.wikipedia.org/wiki/Robin_Hood:_Prince_of_Thieves
2019-04-24 15:45:11,308 Updated Robin Hood: Prince of Thieves
2019-04-24 15:45:11,312 Starting new HTTPS connection (1): en.wikipedia.org:443
2019-04-24 15:45:11,488 https://en.wikipedia.org:443 "GET /wiki/Unforgiven_(1992_film) HTTP/1.1" 200 None
2019-04-24 15:45:11,712 Getting movie info from https://en.wikipedia.org/wiki/Unforgiven_(1992_film)
2019-04-24 15:45:11,713 Updated Unforgiven
2019-04-24 15:45:11,715 Starting new HTTPS connection (1): en.wikipedia.org:443
2019-04-24 15:45:11,891 https://en.wikipedia.org:443 "GET /wiki/The_Shawshank_Redemption HTTP/1.1" 200 382537
2019-04-24 15:45:12,309 Getting movie info from https://en.wikipedia.org/wiki/The_Shawshank_Redemption
2019-04-24 15:45:12,311 Updated The Shawshank Redemption
2019-04-24 15:45:12,314 Starting new HTTPS connection (1): en.wikipedia.org:443
2019-04-24 15:45:12,489 https://en.wikipedia.org:443 "GET /wiki/Outbreak_(film) HTTP/1.1" 200 102774
2019-04-24 15:45:12,732 Getting movie info from https://en.wikipedia.org/wiki/Outbreak_(film)
2019-04-24 15:45:12,734 Updated Outbreak
2019-04-24 15:45:12,736 Starting new HTTPS connection (1): en.wikipedia.org:443
2019-04-24 15:45:12,910 https://en.wikipedia.org:443 "GET /wiki/Seven_(1995_film) HTTP/1.1" 200 141270
2019-04-24 15:45:13,117 Getting movie info from https://en.wikipedia.org/wiki/Seven_(1995_film)
2019-04-24 15:45:13,119 Updated Seven
2019-04-24 15:45:13,121 Starting new HTTPS connection (1): en.wikipedia.org:443
2019-04-24 15:45:13,291 https://en.wikipedia.org:443 "GET /wiki/Chain_Reaction_(1996_film) HTTP/1.1" 200 72920
2019-04-24 15:45:13,412 Getting movie info from https://en.wikipedia.org/wiki/Chain_Reaction_(1996_film)
2019-04-24 15:45:13,414 Updated Chain Reaction
2019-04-24 15:45:13,416 Starting new HTTPS connection (1): en.wikipedia.org:443
2019-04-24 15:45:13,585 https://en.wikipedia.org:443 "GET /wiki/Moll_Flanders_(1996_film) HTTP/1.1" 200 43718
2019-04-24 15:45:13,665 Getting movie info from https://en.wikipedia.org/wiki/Moll_Flanders_(1996_film)
2019-04-24 15:45:13,666 Updated Moll Flanders
2019-04-24 15:45:13,669 Starting new HTTPS connection (1): en.wikipedia.org:443
2019-04-24 15:45:13,843 https://en.wikipedia.org:443 "GET /wiki/Amistad_(1997_film) HTTP/1.1" 200 142657
2019-04-24 15:45:14,086 Getting movie info from https://en.wikipedia.org/wiki/Amistad_(1997_film)
2019-04-24 15:45:14,088 Updated Amistad
2019-04-24 15:45:14,090 Starting new HTTPS connection (1): en.wikipedia.org:443
2019-04-24 15:45:14,265 https://en.wikipedia.org:443 "GET /wiki/Kiss_the_Girls_(film) HTTP/1.1" 200 83888
2019-04-24 15:45:14,470 Getting movie info from https://en.wikipedia.org/wiki/Kiss_the_Girls_(film)
2019-04-24 15:45:14,472 Updated Kiss the Girls
2019-04-24 15:45:14,477 Starting new HTTPS connection (1): en.wikipedia.org:443
2019-04-24 15:45:15,657 https://en.wikipedia.org:443 "GET /wiki/Deep_Impact_(film) HTTP/1.1" 200 109906
2019-04-24 15:45:15,851 Getting movie info from https://en.wikipedia.org/wiki/Deep_Impact_(film)
2019-04-24 15:45:15,853 Updated Deep Impact
2019-04-24 15:45:15,856 Starting new HTTPS connection (1): en.wikipedia.org:443
2019-04-24 15:45:16,029 https://en.wikipedia.org:443 "GET /wiki/Nurse_Betty HTTP/1.1" 200 63212
2019-04-24 15:45:16,155 Getting movie info from https://en.wikipedia.org/wiki/Nurse_Betty
2019-04-24 15:45:16,156 Updated Nurse Betty
2019-04-24 15:45:16,158 Starting new HTTPS connection (1): en.wikipedia.org:443
2019-04-24 15:45:16,332 https://en.wikipedia.org:443 "GET /wiki/Along_Came_a_Spider_(film) HTTP/1.1" 200 85535
2019-04-24 15:45:16,513 Getting movie info from https://en.wikipedia.org/wiki/Along_Came_a_Spider_(film)
2019-04-24 15:45:16,515 Updated Along Came a Spider
2019-04-24 15:45:16,518 Starting new HTTPS connection (1): en.wikipedia.org:443
2019-04-24 15:45:16,690 https://en.wikipedia.org:443 "GET /wiki/The_Sum_of_All_Fears_(film) HTTP/1.1" 200 131702
2019-04-24 15:45:16,942 Getting movie info from https://en.wikipedia.org/wiki/The_Sum_of_All_Fears_(film)
2019-04-24 15:45:16,945 Updated The Sum of All Fears
2019-04-24 15:45:16,948 Starting new HTTPS connection (1): en.wikipedia.org:443
2019-04-24 15:45:17,120 https://en.wikipedia.org:443 "GET /wiki/High_Crimes HTTP/1.1" 200 59400
2019-04-24 15:45:17,230 Getting movie info from https://en.wikipedia.org/wiki/High_Crimes
2019-04-24 15:45:17,232 Updated High Crimes
2019-04-24 15:45:17,234 Starting new HTTPS connection (1): en.wikipedia.org:443
2019-04-24 15:45:17,404 https://en.wikipedia.org:443 "GET /wiki/Bruce_Almighty HTTP/1.1" 200 92231
2019-04-24 15:45:17,552 Getting movie info from https://en.wikipedia.org/wiki/Bruce_Almighty
2019-04-24 15:45:17,554 Updated Bruce Almighty
2019-04-24 15:45:17,557 Starting new HTTPS connection (1): en.wikipedia.org:443
2019-04-24 15:45:17,730 https://en.wikipedia.org:443 "GET /wiki/Million_Dollar_Baby HTTP/1.1" 200 156187
2019-04-24 15:45:17,958 Getting movie info from https://en.wikipedia.org/wiki/Million_Dollar_Baby
2019-04-24 15:45:17,961 Updated Million Dollar Baby
2019-04-24 15:45:17,963 Starting new HTTPS connection (1): en.wikipedia.org:443
2019-04-24 15:45:18,290 https://en.wikipedia.org:443 "GET /wiki/Unleashed_(2005_film) HTTP/1.1" 200 80277
2019-04-24 15:45:18,421 Getting movie info from https://en.wikipedia.org/wiki/Unleashed_(2005_film)
2019-04-24 15:45:18,423 Updated Unleashed
2019-04-24 15:45:18,425 Starting new HTTPS connection (1): en.wikipedia.org:443
2019-04-24 15:45:18,592 https://en.wikipedia.org:443 "GET /wiki/An_Unfinished_Life HTTP/1.1" 200 57637
2019-04-24 15:45:18,706 Getting movie info from https://en.wikipedia.org/wiki/An_Unfinished_Life
2019-04-24 15:45:18,708 Updated An Unfinished Life
2019-04-24 15:45:18,710 Starting new HTTPS connection (1): en.wikipedia.org:443
2019-04-24 15:45:18,883 https://en.wikipedia.org:443 "GET /wiki/Batman_Begins HTTP/1.1" 200 349006
2019-04-24 15:45:19,379 Getting movie info from https://en.wikipedia.org/wiki/Batman_Begins
2019-04-24 15:45:19,381 Updated Batman Begins
2019-04-24 15:45:19,385 Starting new HTTPS connection (1): en.wikipedia.org:443
2019-04-24 15:45:19,562 https://en.wikipedia.org:443 "GET /wiki/Lucky_Number_Slevin HTTP/1.1" 200 64726
2019-04-24 15:45:19,680 Getting movie info from https://en.wikipedia.org/wiki/Lucky_Number_Slevin
2019-04-24 15:45:19,682 Updated Lucky Number Slevin
2019-04-24 15:45:19,684 Starting new HTTPS connection (1): en.wikipedia.org:443
2019-04-24 15:45:19,853 https://en.wikipedia.org:443 "GET /wiki/10_Items_or_Less_(film) HTTP/1.1" 200 66205
2019-04-24 15:45:19,973 Getting movie info from https://en.wikipedia.org/wiki/10_Items_or_Less_(film)
2019-04-24 15:45:19,974 Updated 10 Items or Less
2019-04-24 15:45:19,977 Starting new HTTPS connection (1): en.wikipedia.org:443
2019-04-24 15:45:20,146 https://en.wikipedia.org:443 "GET /wiki/Evan_Almighty HTTP/1.1" 200 206552
2019-04-24 15:45:20,411 Getting movie info from https://en.wikipedia.org/wiki/Evan_Almighty
2019-04-24 15:45:20,415 Updated Evan Almighty
2019-04-24 15:45:20,419 Starting new HTTPS connection (1): en.wikipedia.org:443
2019-04-24 15:45:20,711 https://en.wikipedia.org:443 "GET /wiki/Gone,_Baby,_Gone HTTP/1.1" 200 None
2019-04-24 15:45:20,866 Getting movie info from https://en.wikipedia.org/wiki/Gone,_Baby,_Gone
2019-04-24 15:45:20,868 Updated Gone, Baby, Gone
2019-04-24 15:45:20,871 Starting new HTTPS connection (1): en.wikipedia.org:443
2019-04-24 15:45:21,041 https://en.wikipedia.org:443 "GET /wiki/The_Bucket_List HTTP/1.1" 200 79290
2019-04-24 15:45:21,170 Getting movie info from https://en.wikipedia.org/wiki/The_Bucket_List
2019-04-24 15:45:21,171 Updated The Bucket List
2019-04-24 15:45:21,174 Starting new HTTPS connection (1): en.wikipedia.org:443
2019-04-24 15:45:21,344 https://en.wikipedia.org:443 "GET /wiki/Feast_of_Love HTTP/1.1" 200 None
2019-04-24 15:45:21,443 Getting movie info from https://en.wikipedia.org/wiki/Feast_of_Love
2019-04-24 15:45:21,446 Updated Feast of Love
2019-04-24 15:45:21,448 Starting new HTTPS connection (1): en.wikipedia.org:443
2019-04-24 15:45:21,615 https://en.wikipedia.org:443 "GET /wiki/Wanted_(2008_film) HTTP/1.1" 200 215608
2019-04-24 15:45:21,880 Getting movie info from https://en.wikipedia.org/wiki/Wanted_(2008_film)
2019-04-24 15:45:21,882 Updated Wanted
2019-04-24 15:45:21,885 Starting new HTTPS connection (1): en.wikipedia.org:443
2019-04-24 15:45:22,054 https://en.wikipedia.org:443 "GET /wiki/The_Dark_Knight_(film) HTTP/1.1" 200 599272
2019-04-24 15:45:22,646 Getting movie info from https://en.wikipedia.org/wiki/The_Dark_Knight_(film)
2019-04-24 15:45:22,648 Updated The Dark Knight
2019-04-24 15:45:22,650 Starting new HTTPS connection (1): en.wikipedia.org:443
2019-04-24 15:45:22,824 https://en.wikipedia.org:443 "GET /wiki/Invictus_(film) HTTP/1.1" 200 198537
2019-04-24 15:45:23,068 Getting movie info from https://en.wikipedia.org/wiki/Invictus_(film)
2019-04-24 15:45:23,070 Updated Invictus
2019-04-24 15:45:23,072 Starting new HTTPS connection (1): en.wikipedia.org:443
2019-04-24 15:45:23,243 https://en.wikipedia.org:443 "GET /wiki/Red_(2010_film) HTTP/1.1" 200 143157
2019-04-24 15:45:23,445 Getting movie info from https://en.wikipedia.org/wiki/Red_(2010_film)
2019-04-24 15:45:23,446 Updated RED
2019-04-24 15:45:23,449 Starting new HTTPS connection (1): en.wikipedia.org:443
2019-04-24 15:45:23,620 https://en.wikipedia.org:443 "GET /wiki/Dolphin_Tale HTTP/1.1" 200 82217
2019-04-24 15:45:23,750 Getting movie info from https://en.wikipedia.org/wiki/Dolphin_Tale
2019-04-24 15:45:23,752 Updated Dolphin Tale
2019-04-24 15:45:23,754 Starting new HTTPS connection (1): en.wikipedia.org:443
2019-04-24 15:45:23,927 https://en.wikipedia.org:443 "GET /wiki/The_Dark_Knight_Rises HTTP/1.1" 200 601802
2019-04-24 15:45:24,538 Getting movie info from https://en.wikipedia.org/wiki/The_Dark_Knight_Rises
2019-04-24 15:45:24,540 Updated The Dark Knight Rises
2019-04-24 15:45:24,545 Starting new HTTPS connection (1): en.wikipedia.org:443
2019-04-24 15:45:24,740 https://en.wikipedia.org:443 "GET /wiki/The_Magic_of_Belle_Isle HTTP/1.1" 200 50086
2019-04-24 15:45:24,824 Getting movie info from https://en.wikipedia.org/wiki/The_Magic_of_Belle_Isle
2019-04-24 15:45:24,826 Updated The Magic of Belle Isle
2019-04-24 15:45:24,828 Starting new HTTPS connection (1): en.wikipedia.org:443
2019-04-24 15:45:25,008 https://en.wikipedia.org:443 "GET /wiki/Olympus_Has_Fallen HTTP/1.1" 200 122088
2019-04-24 15:45:25,179 Getting movie info from https://en.wikipedia.org/wiki/Olympus_Has_Fallen
2019-04-24 15:45:25,181 Updated Olympus Has Fallen
2019-04-24 15:45:25,183 Starting new HTTPS connection (1): en.wikipedia.org:443
